# Logfile created on 2014-05-05 11:12:16 +0200 by logger.rb/44203
I, [2014-05-05T11:12:16.755886 #2755]  INFO -- : 0:  timers (1.1.0) from /Users/qvoiriot/.rvm/gems/ruby-2.1.0/specifications/timers-1.1.0.gemspec
I, [2014-05-05T11:12:16.756292 #2755]  INFO -- : 0:  celluloid (0.15.2) from /Users/qvoiriot/.rvm/gems/ruby-2.1.0/specifications/celluloid-0.15.2.gemspec
I, [2014-05-05T11:12:22.320622 #2755]  INFO -- : 0:  nio4r (1.0.0) from /Users/qvoiriot/.rvm/gems/ruby-2.1.0/specifications/nio4r-1.0.0.gemspec
I, [2014-05-05T11:12:24.927679 #2755]  INFO -- : 0:  celluloid-io (0.15.0) from /Users/qvoiriot/.rvm/gems/ruby-2.1.0/specifications/celluloid-io-0.15.0.gemspec
I, [2014-05-05T11:12:28.944652 #2755]  INFO -- : 0:  chunky_png (1.3.1) from /Users/qvoiriot/.rvm/gems/ruby-2.1.0/specifications/chunky_png-1.3.1.gemspec
I, [2014-05-05T11:12:28.945077 #2755]  INFO -- : 0:  coderay (1.1.0) from /Users/qvoiriot/.rvm/gems/ruby-2.1.0/specifications/coderay-1.1.0.gemspec
I, [2014-05-05T11:12:28.945366 #2755]  INFO -- : 0:  fssm (0.2.10) from /Users/qvoiriot/.rvm/gems/ruby-2.1.0/specifications/fssm-0.2.10.gemspec
I, [2014-05-05T11:12:31.862227 #2755]  INFO -- : 0:  sass (3.2.19) from /Users/qvoiriot/.rvm/gems/ruby-2.1.0/specifications/sass-3.2.19.gemspec
I, [2014-05-05T11:12:35.589565 #2755]  INFO -- : 0:  compass (0.12.6) from /Users/qvoiriot/.rvm/gems/ruby-2.1.0/specifications/compass-0.12.6.gemspec
I, [2014-05-05T11:12:36.931267 #2755]  INFO -- : 0:  diff-lcs (1.2.5) from /Users/qvoiriot/.rvm/gems/ruby-2.1.0/specifications/diff-lcs-1.2.5.gemspec
I, [2014-05-05T11:12:36.931680 #2755]  INFO -- : 0:  eventmachine (1.0.3) from /Users/qvoiriot/.rvm/gems/ruby-2.1.0/specifications/eventmachine-1.0.3.gemspec
I, [2014-05-05T11:12:40.942800 #2755]  INFO -- : 0:  http_parser.rb (0.6.0) from /Users/qvoiriot/.rvm/gems/ruby-2.1.0/specifications/http_parser.rb-0.6.0.gemspec
I, [2014-05-05T11:12:42.487529 #2755]  INFO -- : 0:  em-websocket (0.5.1) from /Users/qvoiriot/.rvm/gems/ruby-2.1.0/specifications/em-websocket-0.5.1.gemspec
I, [2014-05-05T11:12:42.487989 #2755]  INFO -- : 0:  ffi (1.9.3) from /Users/qvoiriot/.rvm/gems/ruby-2.1.0/specifications/ffi-1.9.3.gemspec
I, [2014-05-05T11:12:42.488377 #2755]  INFO -- : 0:  formatador (0.2.4) from /Users/qvoiriot/.rvm/gems/ruby-2.1.0/specifications/formatador-0.2.4.gemspec
I, [2014-05-05T11:12:48.590801 #2755]  INFO -- : 0:  rb-fsevent (0.9.4) from /Users/qvoiriot/.rvm/gems/ruby-2.1.0/specifications/rb-fsevent-0.9.4.gemspec
I, [2014-05-05T11:12:54.620009 #2755]  INFO -- : 0:  rb-inotify (0.9.4) from /Users/qvoiriot/.rvm/gems/ruby-2.1.0/specifications/rb-inotify-0.9.4.gemspec
I, [2014-05-05T11:12:58.688417 #2755]  INFO -- : 0:  listen (2.7.3) from /Users/qvoiriot/.rvm/gems/ruby-2.1.0/specifications/listen-2.7.3.gemspec
I, [2014-05-05T11:13:00.181481 #2755]  INFO -- : 0:  lumberjack (1.0.5) from /Users/qvoiriot/.rvm/gems/ruby-2.1.0/specifications/lumberjack-1.0.5.gemspec
I, [2014-05-05T11:13:00.181993 #2755]  INFO -- : 0:  method_source (0.8.2) from /Users/qvoiriot/.rvm/gems/ruby-2.1.0/specifications/method_source-0.8.2.gemspec
I, [2014-05-05T11:13:02.446811 #2755]  INFO -- : 0:  slop (3.5.0) from /Users/qvoiriot/.rvm/gems/ruby-2.1.0/specifications/slop-3.5.0.gemspec
I, [2014-05-05T11:13:04.220350 #2755]  INFO -- : 0:  pry (0.9.12.6) from /Users/qvoiriot/.rvm/gems/ruby-2.1.0/specifications/pry-0.9.12.6.gemspec
I, [2014-05-05T11:13:05.574032 #2755]  INFO -- : 0:  thor (0.19.1) from /Users/qvoiriot/.rvm/gems/ruby-2.1.0/specifications/thor-0.19.1.gemspec
I, [2014-05-05T11:13:07.257817 #2755]  INFO -- : 0:  guard (2.6.0) from /Users/qvoiriot/.rvm/gems/ruby-2.1.0/specifications/guard-2.6.0.gemspec
I, [2014-05-05T11:13:08.902403 #2755]  INFO -- : 0:  posix-spawn (0.3.8) from /Users/qvoiriot/.rvm/gems/ruby-2.1.0/specifications/posix-spawn-0.3.8.gemspec
I, [2014-05-05T11:13:21.978885 #2755]  INFO -- : 0:  yajl-ruby (1.1.0) from /Users/qvoiriot/.rvm/gems/ruby-2.1.0/specifications/yajl-ruby-1.1.0.gemspec
I, [2014-05-05T11:13:33.160889 #2755]  INFO -- : 0:  pygments.rb (0.4.2) from /Users/qvoiriot/.rvm/gems/ruby-2.1.0/specifications/pygments.rb-0.4.2.gemspec
I, [2014-05-05T11:13:38.364190 #2755]  INFO -- : 0:  redcarpet (2.2.2) from /Users/qvoiriot/.rvm/gems/ruby-2.1.0/specifications/redcarpet-2.2.2.gemspec
I, [2014-05-05T11:13:48.158186 #2755]  INFO -- : 0:  rspec-core (2.14.8) from /Users/qvoiriot/.rvm/gems/ruby-2.1.0/specifications/rspec-core-2.14.8.gemspec
I, [2014-05-05T11:13:57.443597 #2755]  INFO -- : 0:  rspec-expectations (2.14.5) from /Users/qvoiriot/.rvm/gems/ruby-2.1.0/specifications/rspec-expectations-2.14.5.gemspec
I, [2014-05-05T11:13:59.023767 #2755]  INFO -- : 0:  rspec-mocks (2.14.6) from /Users/qvoiriot/.rvm/gems/ruby-2.1.0/specifications/rspec-mocks-2.14.6.gemspec
I, [2014-05-05T11:14:34.720373 #2755]  INFO -- : 0:  rspec (2.14.1) from /Users/qvoiriot/.rvm/gems/ruby-2.1.0/specifications/rspec-2.14.1.gemspec
I, [2014-05-05T11:14:36.352029 #2755]  INFO -- : 0:  hologram (1.0.1) from /Users/qvoiriot/.rvm/gems/ruby-2.1.0/specifications/hologram-1.0.1.gemspec
I, [2014-05-05T11:14:37.822606 #2755]  INFO -- : 0:  guard-hologram (1.0.0) from /Users/qvoiriot/.rvm/gems/ruby-2.1.0/specifications/guard-hologram-1.0.0.gemspec
I, [2014-05-05T11:14:39.290180 #2755]  INFO -- : 0:  multi_json (1.9.3) from /Users/qvoiriot/.rvm/gems/ruby-2.1.0/specifications/multi_json-1.9.3.gemspec
I, [2014-05-05T11:14:42.759236 #2755]  INFO -- : 0:  guard-livereload (2.1.2) from /Users/qvoiriot/.rvm/gems/ruby-2.1.0/specifications/guard-livereload-2.1.2.gemspec
I, [2014-05-05T11:14:48.262350 #2755]  INFO -- : 0:  guard-sass (1.4.0) from /Users/qvoiriot/.rvm/gems/ruby-2.1.0/specifications/guard-sass-1.4.0.gemspec
I, [2014-05-05T11:14:51.927107 #2755]  INFO -- : 0:  guard-shell (0.6.1) from /Users/qvoiriot/.rvm/gems/ruby-2.1.0/specifications/guard-shell-0.6.1.gemspec
I, [2014-05-05T11:14:51.927990 #2755]  INFO -- : 0:  rack (1.5.2) from /Users/qvoiriot/.rvm/gems/ruby-2.1.0/specifications/rack-1.5.2.gemspec
I, [2014-05-05T11:14:51.928642 #2755]  INFO -- : 0:  rack-livereload (0.3.15) from /Users/qvoiriot/.rvm/gems/ruby-2.1.0/specifications/rack-livereload-0.3.15.gemspec
I, [2014-05-05T11:14:51.929084 #2755]  INFO -- : 0:  bundler (1.5.1) from /Users/qvoiriot/.rvm/gems/ruby-2.1.0@global/specifications/bundler-1.5.1.gemspec
